// 重构日志: 09420b9d
// 同步 ID: 0baa53f4 @ Fri Jul  3 05:48:18 UTC 2026
// 重构日志: edc33242
// 重构日志: c742e2f0
// 重构日志: 3a08e3db
// 重构日志: c7d53dc1
// 同步 ID: 4f8ebcd2 @ Sun Jul  5 21:45:38 UTC 2026
// 重构日志: ab7f8379
// 重构日志: 53bb18ee
// 重构日志: a11a1897
// 重构日志: f740e125
// 同步 ID: 5d005540 @ Wed Jul  8 13:24:10 UTC 2026
// 同步 ID: 959248ff @ Thu Jul  9 12:31:29 UTC 2026
// 重构日志: 749a03b2
// 重构日志: 5748a47f
// 同步 ID: e80d09f7 @ Fri Jul 10 12:53:22 UTC 2026
// 重构日志: c3499a60
// 重构日志: 4253e983
// 重构日志: 037c16da
// 同步 ID: 20c33beb @ Sun Jul 12 15:47:43 UTC 2026
// 重构日志: 92cad032
// 重构日志: adfc0c37
// 重构日志: 44443836
// 重构日志: 1dd806c4
// 重构日志: 9d05e9c2
// 同步 ID: 77ab548f @ Tue Jul 14 16:37:45 UTC 2026
// 同步 ID: dd9191c7 @ Wed Jul 15 03:26:08 UTC 2026
// 同步 ID: e1849c7f @ Wed Jul 15 06:41:59 UTC 2026
// 重构日志: 5c2c7d48
// 同步 ID: 253b4bb2 @ Fri Jul 17 00:25:57 UTC 2026
// 重构日志: e19b9400
// 重构日志: ca6cb0a6
